LINK : warning LNK4098: defaultlib 'LIBCMT' conflicts with use of other libs; use /NODEFAULTLIB:library
SourceMain.obj : error LNK2019: unresolved external symbol glfwInit referenced in function main
SourceMain.obj : error LNK2019: unresolved external symbol glfwTerminate referenced in function main
SourceMain.obj : error LNK2019: unresolved external symbol glfwWindowHint referenced in function main
SourceMain.obj : error LNK2019: unresolved external symbol glfwCreateWindow referenced in function main
SourceMain.obj : error LNK2019: unresolved external symbol glfwWindowShouldClose referenced in function main
SourceMain.obj : error LNK2019: unresolved external symbol glfwPollEvents referenced in function main
SourceMain.obj : error LNK2019: unresolved external symbol glfwGetTime referenced in function main
SourceMain.obj : error LNK2019: unresolved external symbol glfwMakeContextCurrent referenced in function main
SourceMain.obj : error LNK2019: unresolved external symbol glfwSwapBuffers referenced in function main
SourceMain.obj : error LNK2019: unresolved external symbol "public: __cdecl Assimp::Importer::Importer(void)" (??0Importer@Assimp@@QEAA@XZ) referenced in function "private: void __cdecl Blendshape::loadModel(class std::basic_string<char,struct std::char_traits<char>,class std::allocator<char> >)" (?loadModel@Blendshape@@AEAAXV?$basic_string@DU?$char_traits@D@std@@V?$allocator@D@2@@std@@@Z)
SourceMain.obj : error LNK2019: unresolved external symbol "public: __cdecl Assimp::Importer::~Importer(void)" (??1Importer@Assimp@@QEAA@XZ) referenced in function "private: void __cdecl Blendshape::loadModel(class std::basic_string<char,struct std::char_traits<char>,class std::allocator<char> >)" (?loadModel@Blendshape@@AEAAXV?$basic_string@DU?$char_traits@D@std@@V?$allocator@D@2@@std@@@Z)
SourceMain.obj : error LNK2019: unresolved external symbol "public: struct aiScene const * __cdecl Assimp::Importer::ReadFile(char const *,unsigned int)" (?ReadFile@Importer@Assimp@@QEAAPEBUaiScene@@PEBDI@Z) referenced in function "public: struct aiScene const * __cdecl Assimp::Importer::ReadFile(class std::basic_string<char,struct std::char_traits<char>,class std::allocator<char> > const &,unsigned int)" (?ReadFile@Importer@Assimp@@QEAAPEBUaiScene@@AEBV?$basic_string@DU?$char_traits@D@std@@V?$allocator@D@2@@std@@I@Z)
SourceMain.obj : error LNK2019: unresolved external symbol "public: char const * __cdecl Assimp::Importer::GetErrorString(void)const " (?GetErrorString@Importer@Assimp@@QEBAPEBDXZ) referenced in function "private: void __cdecl Blendshape::loadModel(class std::basic_string<char,struct std::char_traits<char>,class std::allocator<char> >)" (?loadModel@Blendshape@@AEAAXV?$basic_string@DU?$char_traits@D@std@@V?$allocator@D@2@@std@@@Z)
SourceMain.obj : error LNK2019: unresolved external symbol aiGetMaterialTextureCount referenced in function "public: unsigned int __cdecl aiMaterial::GetTextureCount(enum aiTextureType)const " (?GetTextureCount@aiMaterial@@QEBAIW4aiTextureType@@@Z)
SourceMain.obj : error LNK2019: unresolved external symbol aiGetMaterialTexture referenced in function "public: enum aiReturn __cdecl aiMaterial::GetTexture(enum aiTextureType,unsigned int,struct aiString *,enum aiTextureMapping *,unsigned int *,float *,enum aiTextureOp *,enum aiTextureMapMode *)const " (?GetTexture@aiMaterial@@QEBA?AW4aiReturn@@W4aiTextureType@@IPEAUaiString@@PEAW4aiTextureMapping@@PEAIPEAMPEAW4aiTextureOp@@PEAW4aiTextureMapMode@@@Z)
SourceMain.obj : error LNK2019: unresolved external symbol SOIL_load_image referenced in function "int __cdecl TextureFromFile(char const *,class std::basic_string<char,struct std::char_traits<char>,class std::allocator<char> >)" (?TextureFromFile@@YAHPEBDV?$basic_string@DU?$char_traits@D@std@@V?$allocator@D@2@@std@@@Z)
SourceMain.obj : error LNK2019: unresolved external symbol SOIL_free_image_data referenced in function "int __cdecl TextureFromFile(char const *,class std::basic_string<char,struct std::char_traits<char>,class std::allocator<char> >)" (?TextureFromFile@@YAHPEBDV?$basic_string@DU?$char_traits@D@std@@V?$allocator@D@2@@std@@@Z)
C:\OpenGL_Wrap\SOIL\lib\SOIL.lib : warning LNK4272: library machine type 'X86' conflicts with target machine type 'x64'
C:\OpenGL_Wrap\glfw\lib-vc2015\glfw3.lib : warning LNK4272: library machine type 'X86' conflicts with target machine type 'x64'
C:\OpenGL_Wrap\assimp\build\code\Release\assimp-vc140-mt.lib : warning LNK4272: library machine type 'X86' conflicts with target machine type 'x64'
C:\Users\Lander\OneDrive\Work\Final Year Project\OpenGL\x64\Debug\OpenGL.exe : fatal error LNK1120: 17 unresolved externals
