  SourceMain.cpp
c:\opengl_wrap\dlib\include\dlib\config.h(20): warning C4005: 'DLIB_PNG_SUPPORT': macro redefinition
  c:\opengl_wrap\dlib\include\dlib\config.h(20): note: command-line arguments:  see previous definition of 'DLIB_PNG_SUPPORT'
C:\Program Files (x86)\Windows Kits\8.1\Include\shared\minwindef.h(130): warning C4005: 'APIENTRY': macro redefinition
  C:\OpenGL_Wrap\glfw\include\GLFW/glfw3.h(98): note: see previous definition of 'APIENTRY'
SOIL.lib(SOIL.obj) : warning LNK4075: ignoring '/EDITANDCONTINUE' due to '/OPT:ICF' specification
LINK : warning LNK4098: defaultlib 'LIBCMT' conflicts with use of other libs; use /NODEFAULTLIB:library
LINK : warning LNK4098: defaultlib 'MSVCRTD' conflicts with use of other libs; use /NODEFAULTLIB:library
  Generating code
  1 of 10102 functions ( 0.0%) were compiled, the rest were copied from previous compilation.
    0 functions were new in current compilation
    0 functions had inline decision re-evaluated but remain unchanged
  Finished generating code
glew32s.lib(glew.obj) : warning LNK4099: PDB 'vc120.pdb' was not found with 'glew32s.lib(glew.obj)' or at 'C:\Users\Lander\OneDrive\Work\Final Year Project\OpenGL\Release\vc120.pdb'; linking object as if no debug info
SOIL.lib(image_DXT.obj) : warning LNK4099: PDB 'SOIL.pdb' was not found with 'SOIL.lib(image_DXT.obj)' or at 'C:\Users\Lander\OneDrive\Work\Final Year Project\OpenGL\Release\SOIL.pdb'; linking object as if no debug info
SOIL.lib(image_helper.obj) : warning LNK4099: PDB 'SOIL.pdb' was not found with 'SOIL.lib(image_helper.obj)' or at 'C:\Users\Lander\OneDrive\Work\Final Year Project\OpenGL\Release\SOIL.pdb'; linking object as if no debug info
SOIL.lib(SOIL.obj) : warning LNK4099: PDB 'SOIL.pdb' was not found with 'SOIL.lib(SOIL.obj)' or at 'C:\Users\Lander\OneDrive\Work\Final Year Project\OpenGL\Release\SOIL.pdb'; linking object as if no debug info
SOIL.lib(stb_image_aug.obj) : warning LNK4099: PDB 'SOIL.pdb' was not found with 'SOIL.lib(stb_image_aug.obj)' or at 'C:\Users\Lander\OneDrive\Work\Final Year Project\OpenGL\Release\SOIL.pdb'; linking object as if no debug info
  OpenGL.vcxproj -> C:\Users\Lander\OneDrive\Work\Final Year Project\OpenGL\Release\OpenGL.exe
  OpenGL.vcxproj -> C:\Users\Lander\OneDrive\Work\Final Year Project\OpenGL\Release\OpenGL.pdb (Full PDB)
